[    1706ms] [VERBOSE] [DOM] Password field is not contained in a form: (More info: https://goo.gl/9p2vKq) @ http://localhost:3000/:0
[    1731ms] [INFO] %cDownload the React DevTools for a better development experience: https://react.dev/link/react-devtools font-weight:bold @ http://localhost:3000/_next/static/chunks/012a3_next_dist_compiled_react-dom_66602ee6._.js:14537
[   82365ms] [LOG] [Fast Refresh] rebuilding @ http://localhost:3000/_next/static/chunks/012a3_next_dist_client_74da4f63._.js:5949
[   82417ms] [LOG] [Fast Refresh] done in 153ms @ http://localhost:3000/_next/static/chunks/012a3_next_dist_client_74da4f63._.js:5809
[   90400ms] [LOG] [Fast Refresh] rebuilding @ http://localhost:3000/_next/static/chunks/012a3_next_dist_client_74da4f63._.js:5949
[   90411ms] [LOG] [Fast Refresh] done in 112ms @ http://localhost:3000/_next/static/chunks/012a3_next_dist_client_74da4f63._.js:5809
[  134567ms] [LOG] [Fast Refresh] rebuilding @ http://localhost:3000/_next/static/chunks/012a3_next_dist_client_74da4f63._.js:5949
[  134586ms] [LOG] [Fast Refresh] done in 121ms @ http://localhost:3000/_next/static/chunks/012a3_next_dist_client_74da4f63._.js:5809
[  467893ms] [LOG] [Fast Refresh] rebuilding @ http://localhost:3000/_next/static/chunks/012a3_next_dist_client_74da4f63._.js:5949
[  469010ms] [LOG] [Fast Refresh] done in 1226ms @ http://localhost:3000/_next/static/chunks/012a3_next_dist_client_74da4f63._.js:5809
[  746854ms] [LOG] [Fast Refresh] rebuilding @ http://localhost:3000/_next/static/chunks/012a3_next_dist_client_74da4f63._.js:5949
[  747384ms] [LOG] [Fast Refresh] done in 632ms @ http://localhost:3000/_next/static/chunks/012a3_next_dist_client_74da4f63._.js:5809
[  767834ms] [LOG] [Fast Refresh] rebuilding @ http://localhost:3000/_next/static/chunks/012a3_next_dist_client_74da4f63._.js:5949
[  767993ms] [LOG] [Fast Refresh] done in 247ms @ http://localhost:3000/_next/static/chunks/012a3_next_dist_client_74da4f63._.js:5809
[  776014ms] [LOG] [Fast Refresh] rebuilding @ http://localhost:3000/_next/static/chunks/012a3_next_dist_client_74da4f63._.js:5949
[  776217ms] [LOG] [Fast Refresh] done in 281ms @ http://localhost:3000/_next/static/chunks/012a3_next_dist_client_74da4f63._.js:5809
[  784797ms] [LOG] [Fast Refresh] rebuilding @ http://localhost:3000/_next/static/chunks/012a3_next_dist_client_74da4f63._.js:5949
[  784924ms] [LOG] [Fast Refresh] done in 190ms @ http://localhost:3000/_next/static/chunks/012a3_next_dist_client_74da4f63._.js:5809
[  801041ms] [LOG] [Fast Refresh] rebuilding @ http://localhost:3000/_next/static/chunks/012a3_next_dist_client_74da4f63._.js:5949
[  801287ms] [LOG] [Fast Refresh] done in 330ms @ http://localhost:3000/_next/static/chunks/012a3_next_dist_client_74da4f63._.js:5809
[  810740ms] [LOG] [Fast Refresh] rebuilding @ http://localhost:3000/_next/static/chunks/012a3_next_dist_client_74da4f63._.js:5949
[  810917ms] [LOG] [Fast Refresh] done in 247ms @ http://localhost:3000/_next/static/chunks/012a3_next_dist_client_74da4f63._.js:5809
