[     550ms] [LOG] [Fast Refresh] rebuilding @ http://localhost:3000/_next/static/chunks/012a3_next_dist_client_74da4f63._.js:5949
[     673ms] [LOG] [Fast Refresh] done in 226ms @ http://localhost:3000/_next/static/chunks/012a3_next_dist_client_74da4f63._.js:5809
[     775ms] [LOG] [Fast Refresh] rebuilding @ http://localhost:3000/_next/static/chunks/012a3_next_dist_client_74da4f63._.js:5949
[     956ms] [LOG] [Fast Refresh] done in 283ms @ http://localhost:3000/_next/static/chunks/012a3_next_dist_client_74da4f63._.js:5809
[    1158ms] [INFO] %cDownload the React DevTools for a better development experience: https://react.dev/link/react-devtools font-weight:bold @ http://localhost:3000/_next/static/chunks/012a3_next_dist_compiled_react-dom_66602ee6._.js:14537
[    1259ms] [VERBOSE] [DOM] Password field is not contained in a form: (More info: https://goo.gl/9p2vKq) @ http://localhost:3000/:0
[    5567ms] [LOG] [Fast Refresh] rebuilding @ http://localhost:3000/_next/static/chunks/012a3_next_dist_client_74da4f63._.js:5949
[    5576ms] [LOG] [Fast Refresh] done in 109ms @ http://localhost:3000/_next/static/chunks/012a3_next_dist_client_74da4f63._.js:5809
[ 1120712ms] [LOG] [Fast Refresh] rebuilding @ http://localhost:3000/_next/static/chunks/012a3_next_dist_client_74da4f63._.js:5949
[ 1121091ms] [LOG] [Fast Refresh] done in 485ms @ http://localhost:3000/_next/static/chunks/012a3_next_dist_client_74da4f63._.js:5809
[ 1172231ms] [LOG] [Fast Refresh] rebuilding @ http://localhost:3000/_next/static/chunks/012a3_next_dist_client_74da4f63._.js:5949
[ 1173004ms] [LOG] [Fast Refresh] done in 731ms @ http://localhost:3000/_next/static/chunks/012a3_next_dist_client_74da4f63._.js:5809
[ 1173247ms] [LOG] [Fast Refresh] rebuilding @ http://localhost:3000/_next/static/chunks/012a3_next_dist_client_74da4f63._.js:5949
[ 1173641ms] [LOG] [Fast Refresh] done in 495ms @ http://localhost:3000/_next/static/chunks/012a3_next_dist_client_74da4f63._.js:5809
[ 1175537ms] [INFO] %cDownload the React DevTools for a better development experience: https://react.dev/link/react-devtools font-weight:bold @ http://localhost:3000/_next/static/chunks/012a3_next_dist_compiled_react-dom_66602ee6._.js:14537
[ 1175600ms] [VERBOSE] [DOM] Password field is not contained in a form: (More info: https://goo.gl/9p2vKq) @ http://localhost:3000/:0
[ 1189683ms] [LOG] [Fast Refresh] rebuilding @ http://localhost:3000/_next/static/chunks/012a3_next_dist_client_74da4f63._.js:5949
[ 1189881ms] [LOG] [Fast Refresh] done in 226ms @ http://localhost:3000/_next/static/chunks/012a3_next_dist_client_74da4f63._.js:5809
[ 1197252ms] [LOG] [Fast Refresh] rebuilding @ http://localhost:3000/_next/static/chunks/012a3_next_dist_client_74da4f63._.js:5949
[ 1197416ms] [LOG] [Fast Refresh] done in 230ms @ http://localhost:3000/_next/static/chunks/012a3_next_dist_client_74da4f63._.js:5809
[ 1203645ms] [LOG] [Fast Refresh] rebuilding @ http://localhost:3000/_next/static/chunks/012a3_next_dist_client_74da4f63._.js:5949
[ 1203780ms] [LOG] [Fast Refresh] done in 208ms @ http://localhost:3000/_next/static/chunks/012a3_next_dist_client_74da4f63._.js:5809
[ 1232453ms] [LOG] [Fast Refresh] rebuilding @ http://localhost:3000/_next/static/chunks/012a3_next_dist_client_74da4f63._.js:5949
[ 1232628ms] [LOG] [Fast Refresh] done in 242ms @ http://localhost:3000/_next/static/chunks/012a3_next_dist_client_74da4f63._.js:5809
[ 1241808ms] [LOG] [Fast Refresh] rebuilding @ http://localhost:3000/_next/static/chunks/012a3_next_dist_client_74da4f63._.js:5949
[ 1241848ms] [LOG] [Fast Refresh] done in 117ms @ http://localhost:3000/_next/static/chunks/012a3_next_dist_client_74da4f63._.js:5809
[ 1244501ms] [LOG] [Fast Refresh] rebuilding @ http://localhost:3000/_next/static/chunks/012a3_next_dist_client_74da4f63._.js:5949
[ 1244566ms] [LOG] [Fast Refresh] done in 143ms @ http://localhost:3000/_next/static/chunks/012a3_next_dist_client_74da4f63._.js:5809
[ 1266658ms] [LOG] [Fast Refresh] rebuilding @ http://localhost:3000/_next/static/chunks/012a3_next_dist_client_74da4f63._.js:5949
[ 1266725ms] [LOG] [Fast Refresh] done in 145ms @ http://localhost:3000/_next/static/chunks/012a3_next_dist_client_74da4f63._.js:5809
[ 1419136ms] [LOG] [Fast Refresh] rebuilding @ http://localhost:3000/_next/static/chunks/012a3_next_dist_client_74da4f63._.js:5949
[ 1419167ms] [LOG] [Fast Refresh] done in 102ms @ http://localhost:3000/_next/static/chunks/012a3_next_dist_client_74da4f63._.js:5809
[ 1454446ms] [LOG] [Fast Refresh] rebuilding @ http://localhost:3000/_next/static/chunks/012a3_next_dist_client_74da4f63._.js:5949
[ 1454572ms] [LOG] [Fast Refresh] done in 203ms @ http://localhost:3000/_next/static/chunks/012a3_next_dist_client_74da4f63._.js:5809
[ 1466846ms] [LOG] [Fast Refresh] rebuilding @ http://localhost:3000/_next/static/chunks/012a3_next_dist_client_74da4f63._.js:5949
[ 1467002ms] [LOG] [Fast Refresh] done in 236ms @ http://localhost:3000/_next/static/chunks/012a3_next_dist_client_74da4f63._.js:5809
[ 1633239ms] [LOG] [Fast Refresh] rebuilding @ http://localhost:3000/_next/static/chunks/012a3_next_dist_client_74da4f63._.js:5949
[ 1633371ms] [LOG] [Fast Refresh] done in 207ms @ http://localhost:3000/_next/static/chunks/012a3_next_dist_client_74da4f63._.js:5809
[ 1670100ms] [LOG] [Fast Refresh] rebuilding @ http://localhost:3000/_next/static/chunks/012a3_next_dist_client_74da4f63._.js:5949
[ 1670350ms] [LOG] [Fast Refresh] done in 328ms @ http://localhost:3000/_next/static/chunks/012a3_next_dist_client_74da4f63._.js:5809
